Multiple include guards may be useful for:
/home/anon/Work/gridfire_c/src/engine/game_object.c
/home/anon/Work/gridfire_c/src/engine/game_ui.c
/home/anon/Work/gridfire_c/src/engine/radar.c
/home/anon/Work/gridfire_c/src/engine/starfield.c
/home/anon/Work/gridfire_c/src/engine/weapon_control.c
/home/anon/Work/gridfire_c/src/game.c
/home/anon/Work/gridfire_c/src/gridfire.c
/home/anon/Work/gridfire_c/src/logic/audio_control.c
/home/anon/Work/gridfire_c/src/logic/cartographer.c
/home/anon/Work/gridfire_c/src/logic/game_ai.c
/home/anon/Work/gridfire_c/src/logic/scoreboard.c
/home/anon/Work/gridfire_c/src/utils/config_parser.c
/home/anon/Work/gridfire_c/src/utils/geometry.c
/usr/include/wchar.h
/usr/include/x86_64-linux-gnu/bits/byteswap-16.h
/usr/include/x86_64-linux-gnu/bits/byteswap.h
/usr/include/x86_64-linux-gnu/bits/confname.h
/usr/include/x86_64-linux-gnu/bits/endian.h
/usr/include/x86_64-linux-gnu/bits/environments.h
/usr/include/x86_64-linux-gnu/bits/fcntl-linux.h
/usr/include/x86_64-linux-gnu/bits/fcntl.h
/usr/include/x86_64-linux-gnu/bits/huge_val.h
/usr/include/x86_64-linux-gnu/bits/huge_valf.h
/usr/include/x86_64-linux-gnu/bits/huge_vall.h
/usr/include/x86_64-linux-gnu/bits/inf.h
/usr/include/x86_64-linux-gnu/bits/libm-simd-decl-stubs.h
/usr/include/x86_64-linux-gnu/bits/math-vector.h
/usr/include/x86_64-linux-gnu/bits/mathdef.h
/usr/include/x86_64-linux-gnu/bits/nan.h
/usr/include/x86_64-linux-gnu/bits/sched.h
/usr/include/x86_64-linux-gnu/bits/select.h
/usr/include/x86_64-linux-gnu/bits/stdio_lim.h
/usr/include/x86_64-linux-gnu/bits/stdlib-float.h
/usr/include/x86_64-linux-gnu/bits/sys_errlist.h
/usr/include/x86_64-linux-gnu/bits/typesizes.h
/usr/include/x86_64-linux-gnu/bits/waitflags.h
/usr/include/x86_64-linux-gnu/bits/waitstatus.h
/usr/include/x86_64-linux-gnu/gnu/stubs-64.h
/usr/include/x86_64-linux-gnu/gnu/stubs.h